[2m$ tsup[22m
[34mCLI[39m Building entry: src/index.ts
[34mCLI[39m Using tsconfig: tsconfig.json
[34mCLI[39m tsup v8.5.1
[34mCLI[39m Using tsup config: /Users/sanskaramle/Desktop/sansu_Developer/sansu-ui/packages/react/tsup.config.ts
[34mCLI[39m Target: es2022
[34mCLI[39m Cleaning output folder
[34mESM[39m Build start
[34mCJS[39m Build start
[32mESM[39m [1mdist/index.js      [22m[32m3.82 KB[39m
[32mESM[39m [1mdist/index.css     [22m[32m218.00 B[39m
[32mESM[39m [1mdist/index.js.map  [22m[32m7.99 KB[39m
[32mESM[39m [1mdist/index.css.map [22m[32m334.00 B[39m
[32mESM[39m ⚡️ Build success in 17ms
[32mCJS[39m [1mdist/index.cjs     [22m[32m5.22 KB[39m
[32mCJS[39m [1mdist/index.css     [22m[32m218.00 B[39m
[32mCJS[39m [1mdist/index.cjs.map [22m[32m8.23 KB[39m
[32mCJS[39m [1mdist/index.css.map [22m[32m334.00 B[39m
[32mCJS[39m ⚡️ Build success in 17ms
DTS Build start
DTS ⚡️ Build success in 662ms
DTS dist/index.d.ts  10.42 KB
DTS dist/index.d.cts 10.42 KB
